<?xml version="1.0" encoding="UTF-8"?>
<!-- Generated by org.testng.reporters.JUnitReportReporter -->
<testsuite hostname="VignesKumarRaj" failures="0" tests="1" name="com.orionHRMS.LoginPage" time="2.552" errors="0" timestamp="2023-08-25T11:46:35 IST" skipped="0">
  <testcase classname="com.orionHRMS.LoginPage" name="loginTest" time="2.552"/>
</testsuite> <!-- com.orionHRMS.LoginPage -->
